{"logTime": "0609/143955", "correlationVector":"8PSLl16GuzBMXWiXwWKk+l.0","action":"FeedSettingFetch_homeCloud", "result":"0", "context":{}}
{"logTime": "0609/143955", "correlationVector":"UJtJcHQB1Mt1Y7df8ET33m.1","action":"SyncServerConnectionManagerRequest", "result":"SYNC_SERVER_OK", "context":{"environment":"Prod_EastUS_000w", "migrationStage":"NotStarted", "server":"GENERAL0100000A"}}
{"logTime": "0609/143955", "correlationVector":"UJtJcHQB1Mt1Y7df8ET33m.2","action":"AAD.Mip.Unpack", "result":"Success", "context":MIP_CLOUD_COMMERCIAL:Success}
{"logTime": "0609/143955", "correlationVector":"UJtJcHQB1Mt1Y7df8ET33m.3","action":"AAD.GetKeyResponse", "result":"Success", "context":Keys=1.LastKeyStatus=Normal. 2023-01-31 14:28:38 -03.State=None. Tags: Current_encryption_keys_tag = Gu+/ve+/vVDvv719PG8hVXbvv71mE++/vU7vv70DA++/ve+/vXUE77+9Le+/vU4Xf++/ve+/vTE=, Updated_current_encryption_keys_tag = Empty}
{"logTime": "0609/143955", "correlationVector":"UJtJcHQB1Mt1Y7df8ET33m","action":"Initial GetUpdates", "result":"", "context":Reason: NEW_CLIENT. cV=UJtJcHQB1Mt1Y7df8ET33m}
{"logTime": "0609/143955", "correlationVector":"UJtJcHQB1Mt1Y7df8ET33m.4","action":"GetUpdates Response", "result":"SYNCER_OK", "context":Received 1 update(s). cV=UJtJcHQB1Mt1Y7df8ET33m.0;server=GENERAL0100000A;cloudType=Multitenant;environment=Prod_EastUS_000w;migrationStage=NotStarted}
{"logTime": "0609/143955", "correlationVector":"Gm0AVVkzMKZoPWZ0+HqW+M","action":"Initial GetUpdates", "result":"", "context":Reason: NEW_CLIENT. cV=Gm0AVVkzMKZoPWZ0+HqW+M}
{"logTime": "0609/143955", "correlationVector":"Gm0AVVkzMKZoPWZ0+HqW+M.1","action":"SyncServerConnectionManagerRequest", "result":"SYNC_SERVER_OK", "context":{"environment":"Prod_EastUS2_000e", "migrationStage":"NotStarted", "server":"GENERAL0100002O"}}
{"logTime": "0609/143955", "correlationVector":"Gm0AVVkzMKZoPWZ0+HqW+M.2","action":"GetUpdates Response", "result":"SYNCER_OK", "context":Received 20 update(s). cV=Gm0AVVkzMKZoPWZ0+HqW+M.0;server=GENERAL0100002O;cloudType=Multitenant;environment=Prod_EastUS2_000e;migrationStage=NotStarted}
{"logTime": "0609/143956", "correlationVector":"p5RVYqLyB7gGUAyVQ1553E","action":"Initial GetUpdates", "result":"", "context":Reason: NEW_CLIENT. cV=p5RVYqLyB7gGUAyVQ1553E}
{"logTime": "0609/143956", "correlationVector":"p5RVYqLyB7gGUAyVQ1553E.1","action":"SyncServerConnectionManagerRequest", "result":"SYNC_SERVER_OK", "context":{"environment":"Prod_EastUS2_000e", "migrationStage":"NotStarted", "server":"general0100002X"}}
{"logTime": "0609/143956", "correlationVector":"p5RVYqLyB7gGUAyVQ1553E.2","action":"GetUpdates Response", "result":"SYNCER_OK", "context":Received 5 update(s). cV=p5RVYqLyB7gGUAyVQ1553E.0;server=general0100002X;cloudType=Multitenant;environment=Prod_EastUS2_000e;migrationStage=NotStarted}
{"logTime": "0609/143956", "correlationVector":"84HWbZzr3N23OL78zvePf2","action":"Initial GetUpdates", "result":"", "context":Reason: NEW_CLIENT. cV=84HWbZzr3N23OL78zvePf2}
{"logTime": "0609/143956", "correlationVector":"84HWbZzr3N23OL78zvePf2.1","action":"SyncServerConnectionManagerRequest", "result":"SYNC_SERVER_OK", "context":{"environment":"Prod_EastUS2_000e", "migrationStage":"NotStarted", "server":"GENERAL0100001Y"}}
{"logTime": "0609/143956", "correlationVector":"84HWbZzr3N23OL78zvePf2.2","action":"GetUpdates Response", "result":"SYNCER_OK", "context":Received 5 update(s). cV=84HWbZzr3N23OL78zvePf2.0;server=GENERAL0100001Y;cloudType=Multitenant;environment=Prod_EastUS2_000e;migrationStage=NotStarted}
{"logTime": "0609/143956", "correlationVector":"zBBm+tRKRU2SytNWKUdyID","action":"Normal GetUpdate request", "result":"", "context":cV=zBBm+tRKRU2SytNWKUdyID
Nudged types: Device Info, User Consents
Refresh requested types: Bookmarks, Preferences, Passwords, Autofill Profiles, Autofill, Autofill Custom Data, Extensions, Extension settings, Device Info, User Consents, Send Tab To Self, Web Apps, Collection, Edge E Drop, Encryption Keys}
{"logTime": "0609/143956", "correlationVector":"zBBm+tRKRU2SytNWKUdyID.1","action":"SyncServerConnectionManagerRequest", "result":"SYNC_SERVER_OK", "context":{"environment":"Prod_EastUS2_000e", "migrationStage":"NotStarted", "server":"general01000031"}}
{"logTime": "0609/143956", "correlationVector":"zBBm+tRKRU2SytNWKUdyID.2","action":"GetUpdates Response", "result":"SYNCER_OK", "context":Received 0 update(s). cV=zBBm+tRKRU2SytNWKUdyID.0;server=general01000031;cloudType=Multitenant;environment=Prod_EastUS2_000e;migrationStage=NotStarted}
{"logTime": "0609/143956", "correlationVector":"NlatpaB7KiJlYnDU0MJQbD","action":"Commit Request", "result":"", "context":Item count: 1
Contributing types: Device Info}
{"logTime": "0609/143956", "correlationVector":"NlatpaB7KiJlYnDU0MJQbD.1","action":"SyncServerConnectionManagerRequest", "result":"SYNC_SERVER_OK", "context":{"environment":"Prod_EastUS2_000e", "migrationStage":"NotStarted", "server":"GENERAL0100002S"}}
{"logTime": "0609/143956", "correlationVector":"NlatpaB7KiJlYnDU0MJQbD.2","action":"Commit Response", "result":"SYNCER_OK", "context":Result: SYNCER_OK. cV=NlatpaB7KiJlYnDU0MJQbD.0;server=GENERAL0100002S;cloudType=Multitenant;environment=Prod_EastUS2_000e;migrationStage=NotStarted}
{"logTime": "0609/143956", "correlationVector":"JAuPG5We4wHlw8UwPXEvEW","action":"Commit Request", "result":"", "context":Item count: 2
Contributing types: User Consents}
{"logTime": "0609/143957", "correlationVector":"JAuPG5We4wHlw8UwPXEvEW.1","action":"SyncServerConnectionManagerRequest", "result":"SYNC_SERVER_OK", "context":{"environment":"Prod_EastUS2_000e", "migrationStage":"NotStarted", "server":"GENERAL01000010"}}
{"logTime": "0609/143957", "correlationVector":"JAuPG5We4wHlw8UwPXEvEW.2","action":"Commit Response", "result":"SYNCER_OK", "context":Result: SYNCER_OK. cV=JAuPG5We4wHlw8UwPXEvEW.0;server=GENERAL01000010;cloudType=Multitenant;environment=Prod_EastUS2_000e;migrationStage=NotStarted}
{"logTime": "0609/143957", "correlationVector":"DMUiEVDcLnr4lfmps2x5zO","action":"Normal GetUpdate request", "result":"", "context":cV=DMUiEVDcLnr4lfmps2x5zO
Nudged types: Device Info}
{"logTime": "0609/143957", "correlationVector":"DMUiEVDcLnr4lfmps2x5zO.1","action":"SyncServerConnectionManagerRequest", "result":"SYNC_SERVER_OK", "context":{"environment":"Prod_EastUS2_000e", "migrationStage":"NotStarted", "server":"GENERAL0100001D"}}
{"logTime": "0609/143957", "correlationVector":"DMUiEVDcLnr4lfmps2x5zO.2","action":"GetUpdates Response", "result":"SYNCER_OK", "context":Received 1 update(s). cV=DMUiEVDcLnr4lfmps2x5zO.0;server=GENERAL0100001D;cloudType=Multitenant;environment=Prod_EastUS2_000e;migrationStage=NotStarted}
{"logTime": "0609/144605", "correlationVector":"Cq2LTYB2rG9ed/rYJjWCZn.0","action":"FeedSettingFetch_homeCloud", "result":"0", "context":{}}
{"logTime": "0609/144605", "correlationVector":"TDpmpvcRNJtyB8VyD0BQMS.1","action":"SyncServerConnectionManagerRequest", "result":"SYNC_SERVER_OK", "context":{"environment":"Prod_EastUS2_000e", "migrationStage":"NotStarted", "server":"GENERAL01000009"}}
{"logTime": "0609/144605", "correlationVector":"TDpmpvcRNJtyB8VyD0BQMS.2","action":"AAD.Mip.Unpack", "result":"Success", "context":MIP_CLOUD_COMMERCIAL:Success}
{"logTime": "0609/144605", "correlationVector":"TDpmpvcRNJtyB8VyD0BQMS.3","action":"AAD.GetKeyResponse", "result":"Success", "context":Keys=1.LastKeyStatus=Normal. 2023-01-31 14:28:38 -03.State=None. Tags: Current_encryption_keys_tag = Gu+/ve+/vVDvv719PG8hVXbvv71mE++/vU7vv70DA++/ve+/vXUE77+9Le+/vU4Xf++/ve+/vTE=, Updated_current_encryption_keys_tag = Empty}
{"logTime": "0609/144605", "correlationVector":"TDpmpvcRNJtyB8VyD0BQMS","action":"Initial GetUpdates", "result":"", "context":Reason: NEW_CLIENT. cV=TDpmpvcRNJtyB8VyD0BQMS}
{"logTime": "0609/144605", "correlationVector":"TDpmpvcRNJtyB8VyD0BQMS.4","action":"GetUpdates Response", "result":"SYNCER_OK", "context":Received 1 update(s). cV=TDpmpvcRNJtyB8VyD0BQMS.0;server=GENERAL01000009;cloudType=Multitenant;environment=Prod_EastUS2_000e;migrationStage=NotStarted}
{"logTime": "0609/144605", "correlationVector":"v/KhzIcEbEvTZ9J3LDqmr0","action":"Initial GetUpdates", "result":"", "context":Reason: NEWLY_SUPPORTED_DATATYPE. cV=v/KhzIcEbEvTZ9J3LDqmr0}
{"logTime": "0609/144605", "correlationVector":"v/KhzIcEbEvTZ9J3LDqmr0.1","action":"SyncServerConnectionManagerRequest", "result":"SYNC_SERVER_OK", "context":{"environment":"Prod_EastUS2_000e", "migrationStage":"NotStarted", "server":"GENERAL0100000D"}}
{"logTime": "0609/144605", "correlationVector":"v/KhzIcEbEvTZ9J3LDqmr0.2","action":"GetUpdates Response", "result":"SYNCER_OK", "context":Received 1 update(s). cV=v/KhzIcEbEvTZ9J3LDqmr0.0;server=GENERAL0100000D;cloudType=Multitenant;environment=Prod_EastUS2_000e;migrationStage=NotStarted}
{"logTime": "0609/144605", "correlationVector":"03VrugevbmAQXdFuL+Ko/u","action":"Normal GetUpdate request", "result":"", "context":cV=03VrugevbmAQXdFuL+Ko/u
Nudged types: User Consents
Refresh requested types: Bookmarks, Preferences, Passwords, Autofill Profiles, Autofill, Autofill Custom Data, Extensions, Extension settings, Device Info, User Consents, Send Tab To Self, Web Apps, Collection, Edge E Drop, Encryption Keys}
{"logTime": "0609/144605", "correlationVector":"03VrugevbmAQXdFuL+Ko/u.1","action":"SyncServerConnectionManagerRequest", "result":"SYNC_SERVER_OK", "context":{"environment":"Prod_EastUS2_000e", "migrationStage":"NotStarted", "server":"general0100002X"}}
{"logTime": "0609/144605", "correlationVector":"03VrugevbmAQXdFuL+Ko/u.2","action":"GetUpdates Response", "result":"SYNCER_OK", "context":Received 0 update(s). cV=03VrugevbmAQXdFuL+Ko/u.0;server=general0100002X;cloudType=Multitenant;environment=Prod_EastUS2_000e;migrationStage=NotStarted}
{"logTime": "0609/144605", "correlationVector":"8ccK9OUub1mm1vYMBbdOnn","action":"Commit Request", "result":"", "context":Item count: 1
Contributing types: User Consents}
{"logTime": "0609/144605", "correlationVector":"8ccK9OUub1mm1vYMBbdOnn.1","action":"SyncServerConnectionManagerRequest", "result":"SYNC_SERVER_OK", "context":{"environment":"Prod_EastUS2_000e", "migrationStage":"NotStarted", "server":"GENERAL0100002E"}}
{"logTime": "0609/144605", "correlationVector":"8ccK9OUub1mm1vYMBbdOnn.2","action":"Commit Response", "result":"SYNCER_OK", "context":Result: SYNCER_OK. cV=8ccK9OUub1mm1vYMBbdOnn.0;server=GENERAL0100002E;cloudType=Multitenant;environment=Prod_EastUS2_000e;migrationStage=NotStarted}
{"logTime": "0609/144605", "correlationVector":"ma2nKKQ0GWRXbC/0bGbDNd","action":"Initial GetUpdates", "result":"", "context":Reason: RECONFIGURATION. cV=ma2nKKQ0GWRXbC/0bGbDNd}
{"logTime": "0609/144605", "correlationVector":"ma2nKKQ0GWRXbC/0bGbDNd.1","action":"SyncServerConnectionManagerRequest", "result":"SYNC_SERVER_OK", "context":{"environment":"Prod_EastUS2_000e", "migrationStage":"NotStarted", "server":"GENERAL0100002O"}}
{"logTime": "0609/144605", "correlationVector":"ma2nKKQ0GWRXbC/0bGbDNd.2","action":"GetUpdates", "result":"DeleteReceived", "context":{"id":"79a4d86c-ac3f-43c8-9161-72bbfdfb99a3", "isDeleted:":"true", "version":"1685041758403"}}
{"logTime": "0609/144605", "correlationVector":"ma2nKKQ0GWRXbC/0bGbDNd.3","action":"GetUpdates", "result":"DeleteReceived", "context":{"id":"7380fe70-1baa-4c1d-828d-6acbe7a8f62f", "isDeleted:":"true", "version":"1685041845108"}}
{"logTime": "0609/144605", "correlationVector":"ma2nKKQ0GWRXbC/0bGbDNd.4","action":"GetUpdates", "result":"DeleteReceived", "context":{"id":"8f263164-c679-4235-9866-3f0b8ffa6b33", "isDeleted:":"true", "version":"1685044031973"}}
{"logTime": "0609/144605", "correlationVector":"ma2nKKQ0GWRXbC/0bGbDNd.5","action":"GetUpdates", "result":"DeleteReceived", "context":{"id":"f4f893e5-51f2-4641-88cd-c1cb69c83f44", "isDeleted:":"true", "version":"1685366347271"}}
{"logTime": "0609/144605", "correlationVector":"ma2nKKQ0GWRXbC/0bGbDNd.6","action":"GetUpdates", "result":"DeleteReceived", "context":{"id":"423c29b1-4498-4440-b08b-9aba937cb372", "isDeleted:":"true", "version":"1685367399703"}}
{"logTime": "0609/144605", "correlationVector":"ma2nKKQ0GWRXbC/0bGbDNd.7","action":"GetUpdates", "result":"DeleteReceived", "context":{"id":"e1a87528-f22a-4ae1-bf81-6d395f4f1dff", "isDeleted:":"true", "version":"1686055624384"}}
{"logTime": "0609/144605", "correlationVector":"ma2nKKQ0GWRXbC/0bGbDNd.8","action":"GetUpdates", "result":"DeleteReceived", "context":{"id":"0d591f45-7207-4eb3-802e-e2c9b60f95d9", "isDeleted:":"true", "version":"1686252619025"}}
{"logTime": "0609/144605", "correlationVector":"ma2nKKQ0GWRXbC/0bGbDNd.9","action":"GetUpdates", "result":"DeleteReceived", "context":{"id":"7c1de9dc-1eba-418f-8633-a42c8b90cd01", "isDeleted:":"true", "version":"1686252619027"}}
{"logTime": "0609/144605", "correlationVector":"ma2nKKQ0GWRXbC/0bGbDNd.10","action":"GetUpdates", "result":"DeleteReceived", "context":{"id":"b3dc2a26-7801-4c12-9880-e7f1904119f6", "isDeleted:":"true", "version":"1686252699717"}}
{"logTime": "0609/144605", "correlationVector":"ma2nKKQ0GWRXbC/0bGbDNd.11","action":"GetUpdates", "result":"DeleteReceived", "context":{"id":"fb031a55-f975-48e3-940b-549de36f61c6", "isDeleted:":"true", "version":"1686259200199"}}
{"logTime": "0609/144605", "correlationVector":"ma2nKKQ0GWRXbC/0bGbDNd.12","action":"GetUpdates", "result":"DeleteReceived", "context":{"id":"1ea62437-00b0-4158-8c83-478ab2124395", "isDeleted:":"true", "version":"1686259429847"}}
{"logTime": "0609/144605", "correlationVector":"ma2nKKQ0GWRXbC/0bGbDNd.13","action":"GetUpdates Response", "result":"SYNCER_OK", "context":Received 19 update(s). cV=ma2nKKQ0GWRXbC/0bGbDNd.0;server=GENERAL0100002O;cloudType=Multitenant;environment=Prod_EastUS2_000e;migrationStage=NotStarted}
{"logTime": "0609/144605", "correlationVector":"A0Iwh9h0ML4pd3t0KPC8v4","action":"Normal GetUpdate request", "result":"", "context":cV=A0Iwh9h0ML4pd3t0KPC8v4
Nudged types: Sessions, Device Info
Refresh requested types: Bookmarks, Preferences, Passwords, Autofill Profiles, Autofill, Autofill Custom Data, Typed URLs, Extensions, Sessions, Extension settings, History Delete Directives, Device Info, User Consents, Send Tab To Self, Web Apps, Collection, Edge E Drop, Encryption Keys}
{"logTime": "0609/144606", "correlationVector":"A0Iwh9h0ML4pd3t0KPC8v4.1","action":"SyncServerConnectionManagerRequest", "result":"SYNC_SERVER_OK", "context":{"environment":"Prod_EastUS2_000e", "migrationStage":"NotStarted", "server":"GENERAL01000014"}}
{"logTime": "0609/144606", "correlationVector":"A0Iwh9h0ML4pd3t0KPC8v4.2","action":"GetUpdates Response", "result":"SYNCER_OK", "context":Received 0 update(s). cV=A0Iwh9h0ML4pd3t0KPC8v4.0;server=GENERAL01000014;cloudType=Multitenant;environment=Prod_EastUS2_000e;migrationStage=NotStarted}
{"logTime": "0609/144606", "correlationVector":"NcP403Uqlr8gF2G6YxWQFQ","action":"Commit Request", "result":"", "context":Item count: 1
Contributing types: Device Info}
{"logTime": "0609/144607", "correlationVector":"NcP403Uqlr8gF2G6YxWQFQ.1","action":"SyncServerConnectionManagerRequest", "result":"SYNC_SERVER_OK", "context":{"environment":"Prod_EastUS2_000e", "migrationStage":"NotStarted", "server":"GENERAL01000017"}}
{"logTime": "0609/144607", "correlationVector":"NcP403Uqlr8gF2G6YxWQFQ.2","action":"Commit Response", "result":"SYNCER_OK", "context":Result: SYNCER_OK. cV=NcP403Uqlr8gF2G6YxWQFQ.0;server=GENERAL01000017;cloudType=Multitenant;environment=Prod_EastUS2_000e;migrationStage=NotStarted}
{"logTime": "0609/144607", "correlationVector":"7TC4XGOTYCnd4fDZAoAJph","action":"Commit Request", "result":"", "context":Item count: 2
Contributing types: Sessions}
{"logTime": "0609/144607", "correlationVector":"7TC4XGOTYCnd4fDZAoAJph.1","action":"SyncServerConnectionManagerRequest", "result":"SYNC_SERVER_OK", "context":{"environment":"Prod_EastUS2_000e", "migrationStage":"NotStarted", "server":"GENERAL0100002R"}}
{"logTime": "0609/144607", "correlationVector":"7TC4XGOTYCnd4fDZAoAJph.2","action":"Commit Response", "result":"SYNCER_OK", "context":Result: SYNCER_OK. cV=7TC4XGOTYCnd4fDZAoAJph.0;server=GENERAL0100002R;cloudType=Multitenant;environment=Prod_EastUS2_000e;migrationStage=NotStarted}
{"logTime": "0609/150058", "correlationVector":"FFBwii21PjqG24Xdq3Wkoy.0","action":"FeedSettingFetch_homeCloud", "result":"0", "context":{}}
{"logTime": "0609/150100", "correlationVector":"2SQNsdjBvglaoVGsKiOZKY.1","action":"SyncServerConnectionManagerRequest", "result":"SYNC_SERVER_OK", "context":{"environment":"Prod_EastUS2_000e", "migrationStage":"NotStarted", "server":"GENERAL0100002R"}}
{"logTime": "0609/150101", "correlationVector":"2SQNsdjBvglaoVGsKiOZKY","action":"Initial GetUpdates", "result":"", "context":Reason: NEW_CLIENT. cV=2SQNsdjBvglaoVGsKiOZKY}
{"logTime": "0609/150102", "correlationVector":"2SQNsdjBvglaoVGsKiOZKY.2","action":"GetUpdates Response", "result":"SYNCER_OK", "context":Received 1 update(s). cV=2SQNsdjBvglaoVGsKiOZKY.0;server=GENERAL0100002R;cloudType=Multitenant;environment=Prod_EastUS2_000e;migrationStage=NotStarted}
{"logTime": "0609/150102", "correlationVector":"GbCCQjZjxqoRqCvJhSBgiF","action":"Normal GetUpdate request", "result":"", "context":cV=GbCCQjZjxqoRqCvJhSBgiF
Nudged types: Sessions, User Consents
Refresh requested types: Sessions, History Delete Directives, Device Info, User Consents, Encryption Keys}
{"logTime": "0609/150105", "correlationVector":"GbCCQjZjxqoRqCvJhSBgiF.1","action":"SyncServerConnectionManagerRequest", "result":"SYNC_SERVER_OK", "context":{"environment":"Prod_EastUS2_000e", "migrationStage":"NotStarted", "server":"general01000031"}}
{"logTime": "0609/150105", "correlationVector":"GbCCQjZjxqoRqCvJhSBgiF.2","action":"GetUpdates Response", "result":"SYNCER_OK", "context":Received 3 update(s). cV=GbCCQjZjxqoRqCvJhSBgiF.0;server=general01000031;cloudType=Multitenant;environment=Prod_EastUS2_000e;migrationStage=NotStarted}
{"logTime": "0609/150105", "correlationVector":"kmt7jf3lNFOGFwoRZwvTgW","action":"Commit Request", "result":"", "context":Item count: 4
Contributing types: Sessions, User Consents}
{"logTime": "0609/150105", "correlationVector":"kmt7jf3lNFOGFwoRZwvTgW.1","action":"SyncServerConnectionManagerRequest", "result":"SYNC_SERVER_OK", "context":{"environment":"Prod_EastUS_000w", "migrationStage":"NotStarted", "server":"GENERAL0100001M"}}
{"logTime": "0609/150105", "correlationVector":"kmt7jf3lNFOGFwoRZwvTgW.2","action":"Commit Response", "result":"SYNCER_OK", "context":Result: SYNCER_OK. cV=kmt7jf3lNFOGFwoRZwvTgW.0;server=GENERAL0100001M;cloudType=Multitenant;environment=Prod_EastUS_000w;migrationStage=NotStarted}
{"logTime": "0609/150105", "correlationVector":"kmt7jf3lNFOGFwoRZwvTgW.3","action":"Commit.Sessions", "result":"Success", "context":{"id":"aba0b9b0-95c5-4e01-8794-8c876e25fe55", "isDeleted":"true", "size":"0", "version":"1686322029534"}}
{"logTime": "0609/150105", "correlationVector":"P5RvZJZTjZ72BPEV+ZrrSC","action":"Normal GetUpdate request", "result":"", "context":cV=P5RvZJZTjZ72BPEV+ZrrSC
Nudged types: Sessions
Refresh requested types: Encryption Keys}
{"logTime": "0609/150105", "correlationVector":"P5RvZJZTjZ72BPEV+ZrrSC.1","action":"SyncServerConnectionManagerRequest", "result":"SYNC_SERVER_OK", "context":{"environment":"Prod_EastUS2_000e", "migrationStage":"NotStarted", "server":"GENERAL0100001L"}}
{"logTime": "0609/150105", "correlationVector":"P5RvZJZTjZ72BPEV+ZrrSC.2","action":"AAD.Mip.Unpack", "result":"Success", "context":MIP_CLOUD_COMMERCIAL:Success}
{"logTime": "0609/150106", "correlationVector":"P5RvZJZTjZ72BPEV+ZrrSC.3","action":"AAD.GetKeyResponse", "result":"Success", "context":Keys=1.LastKeyStatus=Normal. 2023-01-31 14:28:38 -03.State=None. Tags: Current_encryption_keys_tag = Gu+/ve+/vVDvv719PG8hVXbvv71mE++/vU7vv70DA++/ve+/vXUE77+9Le+/vU4Xf++/ve+/vTE=, Updated_current_encryption_keys_tag = Empty}
{"logTime": "0609/150106", "correlationVector":"P5RvZJZTjZ72BPEV+ZrrSC.4","action":"GetUpdates", "result":"DeleteReceived", "context":{"id":"aba0b9b0-95c5-4e01-8794-8c876e25fe55", "isDeleted:":"true", "version":"1686322916199"}}
{"logTime": "0609/150106", "correlationVector":"P5RvZJZTjZ72BPEV+ZrrSC.5","action":"GetUpdates Response", "result":"SYNCER_OK", "context":Received 3 update(s). cV=P5RvZJZTjZ72BPEV+ZrrSC.0;server=GENERAL0100001L;cloudType=Multitenant;environment=Prod_EastUS2_000e;migrationStage=NotStarted}
{"logTime": "0609/150106", "correlationVector":"AZRRd7sJXmfUU0cy0qsZRO","action":"Initial GetUpdates", "result":"", "context":Reason: NEWLY_SUPPORTED_DATATYPE. cV=AZRRd7sJXmfUU0cy0qsZRO}
{"logTime": "0609/150106", "correlationVector":"AZRRd7sJXmfUU0cy0qsZRO.1","action":"SyncServerConnectionManagerRequest", "result":"SYNC_SERVER_OK", "context":{"environment":"Prod_EastUS2_000e", "migrationStage":"NotStarted", "server":"GENERAL0100001P"}}
{"logTime": "0609/150106", "correlationVector":"AZRRd7sJXmfUU0cy0qsZRO.2","action":"GetUpdates Response", "result":"SYNCER_OK", "context":Received 1 update(s). cV=AZRRd7sJXmfUU0cy0qsZRO.0;server=GENERAL0100001P;cloudType=Multitenant;environment=Prod_EastUS2_000e;migrationStage=NotStarted}
{"logTime": "0609/150106", "correlationVector":"f8RjciCIakLq9x2so4i20N","action":"Normal GetUpdate request", "result":"", "context":cV=f8RjciCIakLq9x2so4i20N
Refresh requested types: Bookmarks, Preferences, Passwords, Autofill Profiles, Autofill, Autofill Custom Data, Typed URLs, Extensions, Sessions, Extension settings, History Delete Directives, Device Info, User Consents, Send Tab To Self, Web Apps, Collection, Edge E Drop, Encryption Keys}
{"logTime": "0609/150106", "correlationVector":"f8RjciCIakLq9x2so4i20N.1","action":"SyncServerConnectionManagerRequest", "result":"SYNC_SERVER_OK", "context":{"environment":"Prod_EastUS2_000e", "migrationStage":"NotStarted", "server":"GENERAL0100002F"}}
{"logTime": "0609/150106", "correlationVector":"f8RjciCIakLq9x2so4i20N.2","action":"GetUpdates Response", "result":"SYNCER_OK", "context":Received 0 update(s). cV=f8RjciCIakLq9x2so4i20N.0;server=GENERAL0100002F;cloudType=Multitenant;environment=Prod_EastUS2_000e;migrationStage=NotStarted}
{"logTime": "0609/150126", "correlationVector":"mDIEcAWAg5m6xrNPv8haqe","action":"Commit Request", "result":"", "context":Item count: 1
Contributing types: Sessions}
{"logTime": "0609/150127", "correlationVector":"mDIEcAWAg5m6xrNPv8haqe.1","action":"SyncServerConnectionManagerRequest", "result":"SYNC_SERVER_OK", "context":{"environment":"Prod_EastUS2_000e", "migrationStage":"NotStarted", "server":"GENERAL0100000X"}}
{"logTime": "0609/150127", "correlationVector":"mDIEcAWAg5m6xrNPv8haqe.2","action":"Commit Response", "result":"SYNCER_OK", "context":Result: SYNCER_OK. cV=mDIEcAWAg5m6xrNPv8haqe.0;server=GENERAL0100000X;cloudType=Multitenant;environment=Prod_EastUS2_000e;migrationStage=NotStarted}
{"logTime": "0609/150222", "correlationVector":"N8M2pAXfoaVgaNljp8PdMR","action":"Commit Request", "result":"", "context":Item count: 1
Contributing types: Sessions}
{"logTime": "0609/150222", "correlationVector":"N8M2pAXfoaVgaNljp8PdMR.1","action":"SyncServerConnectionManagerRequest", "result":"SYNC_SERVER_OK", "context":{"environment":"Prod_EastUS2_000e", "migrationStage":"NotStarted", "server":"general01000016"}}
{"logTime": "0609/150222", "correlationVector":"N8M2pAXfoaVgaNljp8PdMR.2","action":"Commit Response", "result":"SYNCER_OK", "context":Result: SYNCER_OK. cV=N8M2pAXfoaVgaNljp8PdMR.0;server=general01000016;cloudType=Multitenant;environment=Prod_EastUS2_000e;migrationStage=NotStarted}
{"logTime": "0609/150505", "correlationVector":"AmmFHQa2o8V5bxII3jI0Dv","action":"Commit Request", "result":"", "context":Item count: 1
Contributing types: Sessions}
{"logTime": "0609/150506", "correlationVector":"AmmFHQa2o8V5bxII3jI0Dv.1","action":"SyncServerConnectionManagerRequest", "result":"SYNC_SERVER_OK", "context":{"environment":"Prod_EastUS2_000e", "migrationStage":"NotStarted", "server":"general01000039"}}
{"logTime": "0609/150506", "correlationVector":"AmmFHQa2o8V5bxII3jI0Dv.2","action":"Commit Response", "result":"SYNCER_OK", "context":Result: SYNCER_OK. cV=AmmFHQa2o8V5bxII3jI0Dv.0;server=general01000039;cloudType=Multitenant;environment=Prod_EastUS2_000e;migrationStage=NotStarted}
{"logTime": "0609/150536", "correlationVector":"BdOFY5E7iIDh7jHToNSLY9","action":"Commit Request", "result":"", "context":Item count: 1
Contributing types: Sessions}
{"logTime": "0609/150536", "correlationVector":"BdOFY5E7iIDh7jHToNSLY9.1","action":"SyncServerConnectionManagerRequest", "result":"SYNC_SERVER_OK", "context":{"environment":"Prod_EastUS2_000e", "migrationStage":"NotStarted", "server":"GENERAL0100002P"}}
{"logTime": "0609/150536", "correlationVector":"BdOFY5E7iIDh7jHToNSLY9.2","action":"Commit Response", "result":"SYNCER_OK", "context":Result: SYNCER_OK. cV=BdOFY5E7iIDh7jHToNSLY9.0;server=GENERAL0100002P;cloudType=Multitenant;environment=Prod_EastUS2_000e;migrationStage=NotStarted}
{"logTime": "0609/150636", "correlationVector":"+Op1t6yxWMPzMbBWQk6ayX","action":"Commit Request", "result":"", "context":Item count: 1
Contributing types: Sessions}
{"logTime": "0609/150636", "correlationVector":"+Op1t6yxWMPzMbBWQk6ayX.1","action":"SyncServerConnectionManagerRequest", "result":"SYNC_SERVER_OK", "context":{"environment":"Prod_EastUS2_000e", "migrationStage":"NotStarted", "server":"general0100002U"}}
{"logTime": "0609/150636", "correlationVector":"+Op1t6yxWMPzMbBWQk6ayX.2","action":"Commit Response", "result":"SYNCER_OK", "context":Result: SYNCER_OK. cV=+Op1t6yxWMPzMbBWQk6ayX.0;server=general0100002U;cloudType=Multitenant;environment=Prod_EastUS2_000e;migrationStage=NotStarted}
{"logTime": "0609/150711", "correlationVector":"nyz9Sv+F/7Ju45GiLXGiJd","action":"Commit Request", "result":"", "context":Item count: 1
Contributing types: Sessions}
{"logTime": "0609/150711", "correlationVector":"nyz9Sv+F/7Ju45GiLXGiJd.1","action":"SyncServerConnectionManagerRequest", "result":"SYNC_SERVER_OK", "context":{"environment":"Prod_EastUS_000w", "migrationStage":"NotStarted", "server":"GENERAL0100001C"}}
{"logTime": "0609/150711", "correlationVector":"nyz9Sv+F/7Ju45GiLXGiJd.2","action":"Commit Response", "result":"SYNCER_OK", "context":Result: SYNCER_OK. cV=nyz9Sv+F/7Ju45GiLXGiJd.0;server=GENERAL0100001C;cloudType=Multitenant;environment=Prod_EastUS_000w;migrationStage=NotStarted}
{"logTime": "0609/150806", "correlationVector":"qJ1xSw72062NbXo+wDK427","action":"Commit Request", "result":"", "context":Item count: 1
Contributing types: Sessions}
{"logTime": "0609/150807", "correlationVector":"qJ1xSw72062NbXo+wDK427.1","action":"SyncServerConnectionManagerRequest", "result":"SYNC_SERVER_OK", "context":{"environment":"Prod_EastUS2_000e", "migrationStage":"NotStarted", "server":"general0100003A"}}
{"logTime": "0609/150807", "correlationVector":"qJ1xSw72062NbXo+wDK427.2","action":"Commit Response", "result":"SYNCER_OK", "context":Result: SYNCER_OK. cV=qJ1xSw72062NbXo+wDK427.0;server=general0100003A;cloudType=Multitenant;environment=Prod_EastUS2_000e;migrationStage=NotStarted}
{"logTime": "0609/150940", "correlationVector":"QTmEn4SN/t5NFc1Eg4YKgI","action":"Commit Request", "result":"", "context":Item count: 1
Contributing types: Sessions}
{"logTime": "0609/150941", "correlationVector":"QTmEn4SN/t5NFc1Eg4YKgI.1","action":"SyncServerConnectionManagerRequest", "result":"SYNC_SERVER_OK", "context":{"environment":"Prod_EastUS2_000e", "migrationStage":"NotStarted", "server":"GENERAL0100000I"}}
{"logTime": "0609/150941", "correlationVector":"QTmEn4SN/t5NFc1Eg4YKgI.2","action":"Commit Response", "result":"SYNCER_OK", "context":Result: SYNCER_OK. cV=QTmEn4SN/t5NFc1Eg4YKgI.0;server=GENERAL0100000I;cloudType=Multitenant;environment=Prod_EastUS2_000e;migrationStage=NotStarted}
{"logTime": "0609/151057", "correlationVector":"sNna0DBjREzi3JXEpA+xF+","action":"Commit Request", "result":"", "context":Item count: 1
Contributing types: Sessions}
{"logTime": "0609/151058", "correlationVector":"sNna0DBjREzi3JXEpA+xF+.1","action":"SyncServerConnectionManagerRequest", "result":"SYNC_SERVER_OK", "context":{"environment":"Prod_EastUS2_000e", "migrationStage":"NotStarted", "server":"GENERAL0100002R"}}
{"logTime": "0609/151058", "correlationVector":"sNna0DBjREzi3JXEpA+xF+.2","action":"Commit Response", "result":"SYNCER_OK", "context":Result: SYNCER_OK. cV=sNna0DBjREzi3JXEpA+xF+.0;server=GENERAL0100002R;cloudType=Multitenant;environment=Prod_EastUS2_000e;migrationStage=NotStarted}
{"logTime": "0609/151301", "correlationVector":"P+cYfLpC5Smb9fGD0xZokQ","action":"Commit Request", "result":"", "context":Item count: 1
Contributing types: Sessions}
{"logTime": "0609/151302", "correlationVector":"P+cYfLpC5Smb9fGD0xZokQ.1","action":"SyncServerConnectionManagerRequest", "result":"SYNC_SERVER_OK", "context":{"environment":"Prod_EastUS2_000e", "migrationStage":"NotStarted", "server":"GENERAL01000009"}}
{"logTime": "0609/151302", "correlationVector":"P+cYfLpC5Smb9fGD0xZokQ.2","action":"Commit Response", "result":"SYNCER_OK", "context":Result: SYNCER_OK. cV=P+cYfLpC5Smb9fGD0xZokQ.0;server=GENERAL01000009;cloudType=Multitenant;environment=Prod_EastUS2_000e;migrationStage=NotStarted}
{"logTime": "0609/151349", "correlationVector":"AKUJaIUAuyRPrGE6wX3m0Q","action":"Commit Request", "result":"", "context":Item count: 1
Contributing types: Sessions}
{"logTime": "0609/151349", "correlationVector":"AKUJaIUAuyRPrGE6wX3m0Q.1","action":"SyncServerConnectionManagerRequest", "result":"SYNC_SERVER_OK", "context":{"environment":"Prod_EastUS2_000e", "migrationStage":"NotStarted", "server":"GENERAL0100001D"}}
{"logTime": "0609/151349", "correlationVector":"AKUJaIUAuyRPrGE6wX3m0Q.2","action":"Commit Response", "result":"SYNCER_OK", "context":Result: SYNCER_OK. cV=AKUJaIUAuyRPrGE6wX3m0Q.0;server=GENERAL0100001D;cloudType=Multitenant;environment=Prod_EastUS2_000e;migrationStage=NotStarted}
{"logTime": "0609/151455", "correlationVector":"1e3KS3/YpYUArM6PIYyPo8","action":"Commit Request", "result":"", "context":Item count: 1
Contributing types: Sessions}
{"logTime": "0609/151456", "correlationVector":"1e3KS3/YpYUArM6PIYyPo8.1","action":"SyncServerConnectionManagerRequest", "result":"SYNC_SERVER_OK", "context":{"environment":"Prod_EastUS2_000e", "migrationStage":"NotStarted", "server":"GENERAL01000019"}}
{"logTime": "0609/151456", "correlationVector":"1e3KS3/YpYUArM6PIYyPo8.2","action":"Commit Response", "result":"SYNCER_OK", "context":Result: SYNCER_OK. cV=1e3KS3/YpYUArM6PIYyPo8.0;server=GENERAL01000019;cloudType=Multitenant;environment=Prod_EastUS2_000e;migrationStage=NotStarted}
{"logTime": "0609/151535", "correlationVector":"af7ptdiWbdh7MaY4kER2Sc","action":"Commit Request", "result":"", "context":Item count: 1
Contributing types: Sessions}
{"logTime": "0609/151535", "correlationVector":"af7ptdiWbdh7MaY4kER2Sc.1","action":"SyncServerConnectionManagerRequest", "result":"SYNC_SERVER_OK", "context":{"environment":"Prod_EastUS2_000e", "migrationStage":"NotStarted", "server":"general01000016"}}
{"logTime": "0609/151535", "correlationVector":"af7ptdiWbdh7MaY4kER2Sc.2","action":"Commit Response", "result":"SYNCER_OK", "context":Result: SYNCER_OK. cV=af7ptdiWbdh7MaY4kER2Sc.0;server=general01000016;cloudType=Multitenant;environment=Prod_EastUS2_000e;migrationStage=NotStarted}
